<?xml version="1.0" encoding="UTF-8"?>
<!-- Generated by org.testng.reporters.JUnitReportReporter -->
<testsuite hostname="DESKTOP-P9RLJ9V" name="test.logintest" tests="1" failures="0" timestamp="18 Jan 2018 01:41:03 GMT" time="70.959" errors="0">
  <testcase name="mainTest" time="70.959" classname="test.logintest"/>
</testsuite> <!-- test.logintest -->
